<?xml version="1.0" encoding="UTF-8"?>
<!-- Generated by org.testng.reporters.JUnitReportReporter -->
<testsuite skipped="0" hostname="Mayank-Rock" name="com.initBanking.testCases.TC_Logout_02" tests="1" failures="0" timestamp="2025-06-23T23:01:33 IST" time="17.274" errors="0">
  <testcase name="logoutTest" time="17.274" classname="com.initBanking.testCases.TC_Logout_02"/>
  <system-out/>
</testsuite> <!-- com.initBanking.testCases.TC_Logout_02 -->
