<?xml version="1.0" encoding="UTF-8"?>
<!-- Generated by org.testng.reporters.JUnitReportReporter -->
<testsuite skipped="0" hostname="Mayank-Rock" name="com.initBanking.testCases.TC_LoginTest_001" tests="1" failures="0" timestamp="2025-06-24T13:13:27 IST" time="2.077" errors="0">
  <testcase name="loginTest" time="2.077" classname="com.initBanking.testCases.TC_LoginTest_001"/>
  <system-out/>
</testsuite> <!-- com.initBanking.testCases.TC_LoginTest_001 -->
